#torch: 1.13.0 11.7
#loader: 512 6598
#model: 4 256 16 3 [1, 1, 1, 1] True
##params[conv]: 848896
##params[main]: 287488 False
##params[conv]: 848896
##params[virt]: 426752
##params[main]: 287488 False
##params[conv]: 848896
##params[virt]: 426752
##params[main]: 287488 False
##params[conv]: 848896
##params[virt]: 426752
##params[main]: 287488 False
##params[conv]: 848896
##params[virt]: 426752
##params[main]: 287744 True
##params[head]: 714753
#params: 8147969
#optim: 3.00e-03 2.00e-02 12 24

#training...
#epoch[0]: 0.8759 0.6035 3.00e-07 2.00e-05 235.0h *
#epoch[1]: 0.2058 0.1505 5.00e-04 2.00e-05 234.6h *
#epoch[2]: 0.1403 0.1371 1.00e-03 2.00e-05 234.1h *
#epoch[3]: 0.1294 0.1293 1.50e-03 2.00e-05 233.3h *
#epoch[4]: 0.1238 0.1264 2.00e-03 2.00e-05 232.3h *
#epoch[5]: 0.1200 0.1224 2.50e-03 2.00e-05 231.4h *
#epoch[6]: 0.1175 0.1200 3.00e-03 2.00e-05 230.4h *
#epoch[7]: 0.1131 0.1162 3.00e-03 1.11e-03 229.5h *
#epoch[8]: 0.1102 0.1143 3.00e-03 2.22e-03 228.7h *
#epoch[9]: 0.1082 0.1137 3.00e-03 3.33e-03 227.7h *
#epoch[10]: 0.1069 0.1120 3.00e-03 4.44e-03 226.7h *
#epoch[11]: 0.1060 0.1089 3.00e-03 5.56e-03 225.7h *
#epoch[12]: 0.1056 0.1143 3.00e-03 6.67e-03 224.9h
#epoch[13]: 0.1054 0.1106 3.00e-03 7.78e-03 223.9h
#epoch[14]: 0.1055 0.1106 3.00e-03 8.89e-03 223.0h
#epoch[15]: 0.1060 0.1142 3.00e-03 1.00e-02 222.0h
#epoch[16]: 0.1066 0.1140 3.00e-03 1.11e-02 221.1h
#epoch[17]: 0.1073 0.1128 3.00e-03 1.22e-02 220.2h
#epoch[18]: 0.1082 0.1146 3.00e-03 1.33e-02 219.3h
#epoch[19]: 0.1094 0.1147 3.00e-03 1.44e-02 218.4h
#epoch[20]: 0.1102 0.1177 3.00e-03 1.56e-02 217.5h
#epoch[21]: 0.1111 0.1159 3.00e-03 1.67e-02 216.6h
#epoch[22]: 0.1117 0.1163 3.00e-03 1.78e-02 215.8h
#epoch[23]: 0.1126 0.1177 3.00e-03 1.89e-02 214.9h
#saved[11]: test-dev
#epoch[24]: 0.1130 0.1183 3.00e-03 2.00e-02 214.1h
#epoch[25]: 0.1134 0.1174 2.98e-03 2.00e-02 213.2h
#epoch[26]: 0.1133 0.1169 2.92e-03 2.00e-02 212.4h
#epoch[27]: 0.1127 0.1178 2.83e-03 2.00e-02 211.6h
#epoch[28]: 0.1118 0.1142 2.71e-03 2.00e-02 210.7h
#epoch[29]: 0.1105 0.1161 2.55e-03 2.00e-02 209.9h
#epoch[30]: 0.1092 0.1138 2.36e-03 2.00e-02 209.1h
#epoch[31]: 0.1078 0.1130 2.15e-03 2.00e-02 208.3h
#epoch[32]: 0.1061 0.1089 1.92e-03 2.00e-02 207.4h *
#epoch[33]: 0.1041 0.1093 1.67e-03 2.00e-02 206.6h
#epoch[34]: 0.1019 0.1059 1.41e-03 2.00e-02 205.8h *
#epoch[35]: 0.0995 0.1053 1.15e-03 2.00e-02 205.0h *
#saved[35]: test-dev
#epoch[36]: 0.1051 0.1088 1.85e-03 2.00e-02 204.2h
#epoch[37]: 0.1055 0.1098 1.84e-03 2.00e-02 203.4h
#epoch[38]: 0.1051 0.1097 1.81e-03 2.00e-02 202.6h
#epoch[39]: 0.1044 0.1083 1.75e-03 2.00e-02 201.7h
#epoch[40]: 0.1036 0.1091 1.67e-03 2.00e-02 200.9h
#epoch[41]: 0.1029 0.1076 1.57e-03 2.00e-02 200.1h
#epoch[42]: 0.1016 0.1072 1.46e-03 2.00e-02 199.3h
#epoch[43]: 0.1004 0.1046 1.33e-03 2.00e-02 198.4h *
#epoch[44]: 0.0989 0.1026 1.18e-03 2.00e-02 197.6h *
#epoch[45]: 0.0973 0.1020 1.03e-03 2.00e-02 196.8h *
#epoch[46]: 0.0955 0.0993 8.71e-04 2.00e-02 196.0h *
#epoch[47]: 0.0935 0.0975 7.08e-04 2.00e-02 195.2h *
#saved[47]: test-dev
#epoch[48]: 0.0979 0.1029 1.15e-03 2.00e-02 194.4h
#epoch[49]: 0.0983 0.1066 1.14e-03 2.00e-02 193.5h
#epoch[50]: 0.0981 0.1031 1.12e-03 2.00e-02 192.8h
#epoch[51]: 0.0977 0.1026 1.08e-03 2.00e-02 192.0h
#epoch[52]: 0.0970 0.1009 1.03e-03 2.00e-02 191.1h
#epoch[53]: 0.0963 0.1017 9.73e-04 2.00e-02 190.3h
#epoch[54]: 0.0954 0.0999 9.01e-04 2.00e-02 189.5h
#epoch[55]: 0.0943 0.0994 8.21e-04 2.00e-02 188.7h
#epoch[56]: 0.0931 0.0981 7.32e-04 2.00e-02 187.8h
#epoch[57]: 0.0918 0.0973 6.37e-04 2.00e-02 187.0h *
#epoch[58]: 0.0903 0.0955 5.38e-04 2.00e-02 186.2h *
#epoch[59]: 0.0887 0.0933 4.38e-04 2.00e-02 185.4h *
#saved[59]: test-dev
#epoch[60]: 0.0921 0.0980 7.08e-04 2.00e-02 184.6h
#epoch[61]: 0.0925 0.0970 7.04e-04 2.00e-02 183.8h
#epoch[62]: 0.0924 0.0967 6.90e-04 2.00e-02 182.9h
#epoch[63]: 0.0920 0.0969 6.69e-04 2.00e-02 182.1h
#epoch[64]: 0.0916 0.0968 6.39e-04 2.00e-02 181.3h
#epoch[65]: 0.0910 0.0964 6.01e-04 2.00e-02 180.5h
#epoch[66]: 0.0901 0.0961 5.57e-04 2.00e-02 179.7h
#epoch[67]: 0.0893 0.0944 5.07e-04 2.00e-02 178.8h
#epoch[68]: 0.0884 0.0941 4.52e-04 2.00e-02 178.0h
#epoch[69]: 0.0873 0.0927 3.94e-04 2.00e-02 177.2h *
#epoch[70]: 0.0860 0.0922 3.33e-04 2.00e-02 176.4h *
#epoch[71]: 0.0847 0.0911 2.71e-04 2.00e-02 175.6h *
#saved[71]: test-dev
#epoch[72]: 0.0873 0.0948 4.38e-04 2.00e-02 174.8h
#epoch[73]: 0.0876 0.0939 4.35e-04 2.00e-02 174.0h
#epoch[74]: 0.0875 0.0934 4.27e-04 2.00e-02 173.1h
#epoch[75]: 0.0872 0.0940 4.13e-04 2.00e-02 172.3h
#epoch[76]: 0.0868 0.0932 3.95e-04 2.00e-02 171.5h
#epoch[77]: 0.0864 0.0938 3.72e-04 2.00e-02 170.7h
#epoch[78]: 0.0857 0.0922 3.44e-04 2.00e-02 169.9h
#epoch[79]: 0.0850 0.0920 3.13e-04 2.00e-02 169.1h
#epoch[80]: 0.0842 0.0910 2.80e-04 2.00e-02 168.3h *
#epoch[81]: 0.0833 0.0905 2.43e-04 2.00e-02 167.5h *
#epoch[82]: 0.0823 0.0901 2.06e-04 2.00e-02 166.6h *
#epoch[83]: 0.0813 0.0887 1.67e-04 2.00e-02 165.8h *
#saved[83]: test-dev
#epoch[84]: 0.0833 0.0909 2.71e-04 2.00e-02 165.0h
#epoch[85]: 0.0835 0.0909 2.69e-04 2.00e-02 164.2h
#epoch[86]: 0.0834 0.0905 2.64e-04 2.00e-02 163.4h
#epoch[87]: 0.0832 0.0911 2.55e-04 2.00e-02 162.6h
#epoch[88]: 0.0829 0.0903 2.44e-04 2.00e-02 161.8h
#epoch[89]: 0.0825 0.0905 2.30e-04 2.00e-02 161.0h
#epoch[90]: 0.0820 0.0901 2.13e-04 2.00e-02 160.1h
#epoch[91]: 0.0814 0.0899 1.94e-04 2.00e-02 159.3h
#epoch[92]: 0.0807 0.0888 1.73e-04 2.00e-02 158.5h
#epoch[93]: 0.0800 0.0886 1.50e-04 2.00e-02 157.7h *
#epoch[94]: 0.0793 0.0883 1.27e-04 2.00e-02 156.9h *
#epoch[95]: 0.0784 0.0880 1.03e-04 2.00e-02 156.1h *
#saved[95]: test-dev
#epoch[96]: 0.0800 0.0890 1.67e-04 2.00e-02 155.3h
#epoch[97]: 0.0801 0.0891 1.66e-04 2.00e-02 154.4h
#epoch[98]: 0.0800 0.0891 1.63e-04 2.00e-02 153.6h
#epoch[99]: 0.0798 0.0897 1.58e-04 2.00e-02 152.8h
#epoch[100]: 0.0796 0.0887 1.51e-04 2.00e-02 152.0h
#epoch[101]: 0.0792 0.0888 1.42e-04 2.00e-02 151.2h
#epoch[102]: 0.0789 0.0888 1.32e-04 2.00e-02 150.4h
#epoch[103]: 0.0784 0.0881 1.20e-04 2.00e-02 149.6h
#epoch[104]: 0.0779 0.0878 1.07e-04 2.00e-02 148.8h *
#epoch[105]: 0.0773 0.0879 9.30e-05 2.00e-02 148.0h
#epoch[106]: 0.0768 0.0873 7.86e-05 2.00e-02 147.2h *
#epoch[107]: 0.0762 0.0870 6.39e-05 2.00e-02 146.4h *
#saved[107]: test-dev
#epoch[108]: 0.0772 0.0877 1.03e-04 2.00e-02 145.6h
#epoch[109]: 0.0774 0.0876 1.03e-04 2.00e-02 144.8h
#epoch[110]: 0.0773 0.0875 1.01e-04 2.00e-02 144.0h
#epoch[111]: 0.0771 0.0876 9.76e-05 2.00e-02 143.2h
#epoch[112]: 0.0769 0.0879 9.32e-05 2.00e-02 142.4h
#epoch[113]: 0.0767 0.0880 8.77e-05 2.00e-02 141.6h
#epoch[114]: 0.0764 0.0877 8.13e-05 2.00e-02 140.8h
#epoch[115]: 0.0761 0.0875 7.40e-05 2.00e-02 140.0h
#epoch[116]: 0.0757 0.0874 6.60e-05 2.00e-02 139.2h
#epoch[117]: 0.0753 0.0871 5.75e-05 2.00e-02 138.3h
#epoch[118]: 0.0748 0.0869 4.86e-05 2.00e-02 137.5h *
#epoch[119]: 0.0744 0.0867 3.95e-05 2.00e-02 136.7h *
#saved[119]: test-dev
#epoch[120]: 0.0752 0.0868 6.39e-05 2.00e-02 135.9h
#epoch[121]: 0.0752 0.0870 6.35e-05 2.00e-02 135.1h
#epoch[122]: 0.0752 0.0874 6.23e-05 2.00e-02 134.3h
#epoch[123]: 0.0751 0.0870 6.03e-05 2.00e-02 133.5h
#epoch[124]: 0.0749 0.0869 5.76e-05 2.00e-02 132.7h
#epoch[125]: 0.0747 0.0871 5.42e-05 2.00e-02 131.9h
#epoch[126]: 0.0745 0.0872 5.02e-05 2.00e-02 131.1h
#epoch[127]: 0.0742 0.0871 4.57e-05 2.00e-02 130.2h
#epoch[128]: 0.0739 0.0865 4.08e-05 2.00e-02 129.4h *
#epoch[129]: 0.0736 0.0868 3.55e-05 2.00e-02 128.6h
#epoch[130]: 0.0733 0.0862 3.00e-05 2.00e-02 127.8h *
#epoch[131]: 0.0730 0.0862 2.44e-05 2.00e-02 127.0h *
#saved[131]: test-dev
#epoch[132]: 0.0736 0.0867 3.95e-05 2.00e-02 126.2h
#epoch[133]: 0.0736 0.0868 3.92e-05 2.00e-02 125.4h
#epoch[134]: 0.0735 0.0869 3.85e-05 2.00e-02 124.5h
#epoch[135]: 0.0735 0.0869 3.73e-05 2.00e-02 123.7h
#epoch[136]: 0.0733 0.0869 3.56e-05 2.00e-02 122.9h
#epoch[137]: 0.0732 0.0867 3.35e-05 2.00e-02 122.1h
#epoch[138]: 0.0730 0.0864 3.10e-05 2.00e-02 121.3h
#epoch[139]: 0.0729 0.0865 2.83e-05 2.00e-02 120.5h
#epoch[140]: 0.0727 0.0864 2.52e-05 2.00e-02 119.7h
#epoch[141]: 0.0725 0.0866 2.19e-05 2.00e-02 118.9h
#epoch[142]: 0.0723 0.0862 1.85e-05 2.00e-02 118.1h
#epoch[143]: 0.0720 0.0863 1.51e-05 2.00e-02 117.3h
